<?xml version="1.0" encoding="UTF-8"?>
<!-- Generated by org.testng.reporters.JUnitReportReporter -->
<testsuite hostname="DESKTOP-19RQ3NQ" failures="0" tests="1" name="com.eva.vtiger.marketingtestscripts.MarketingAccountTestScripts" time="56.297" errors="0" timestamp="2024-02-01T09:56:12 IST" skipped="0">
  <testcase classname="com.eva.vtiger.marketingtestscripts.MarketingAccountTestScripts" name="verifyVT002DeleteAccount" time="56.297"/>
</testsuite> <!-- com.eva.vtiger.marketingtestscripts.MarketingAccountTestScripts -->
